0 info it worked if it ends with ok
1 verbose cli [ '/usr/bin/node', '/usr/bin/npm', 'install' ]
2 info using npm@1.4.28
3 info using node@v0.10.33
4 verbose node symlink /usr/bin/node
5 verbose readDependencies using package.json deps
6 verbose install where, deps [ '/home/brendan/HHack/HackHolyoke',
6 verbose install   [ 'express',
6 verbose install     'body-parser',
6 verbose install     'cookie-parser',
6 verbose install     'morgan',
6 verbose install     'serve-favicon',
6 verbose install     'debug',
6 verbose install     'jade' ] ]
7 info preinstall HackHolyoke@0.0.0
8 verbose readDependencies using package.json deps
9 verbose already installed skipping express@~4.9.0 /home/brendan/HHack/HackHolyoke
10 verbose already installed skipping body-parser@~1.8.1 /home/brendan/HHack/HackHolyoke
11 verbose already installed skipping cookie-parser@~1.3.3 /home/brendan/HHack/HackHolyoke
12 verbose already installed skipping morgan@~1.3.0 /home/brendan/HHack/HackHolyoke
13 verbose already installed skipping serve-favicon@~2.1.3 /home/brendan/HHack/HackHolyoke
14 verbose already installed skipping debug@~2.0.0 /home/brendan/HHack/HackHolyoke
15 verbose already installed skipping jade@~1.6.0 /home/brendan/HHack/HackHolyoke
16 silly resolved []
17 info build /home/brendan/HHack/HackHolyoke
18 verbose linkStuff [ false, false, false, '/home/brendan/HHack' ]
19 info linkStuff HackHolyoke@0.0.0
20 verbose linkBins HackHolyoke@0.0.0
21 verbose linkMans HackHolyoke@0.0.0
22 verbose rebuildBundles HackHolyoke@0.0.0
23 verbose rebuildBundles [ '.bin',
23 verbose rebuildBundles   'body-parser',
23 verbose rebuildBundles   'cookie-parser',
23 verbose rebuildBundles   'debug',
23 verbose rebuildBundles   'express',
23 verbose rebuildBundles   'jade',
23 verbose rebuildBundles   'morgan',
23 verbose rebuildBundles   'serialport',
23 verbose rebuildBundles   'serve-favicon' ]
24 verbose rebuild bundle /home/brendan/HHack/HackHolyoke/node_modules/serialport
25 info build /home/brendan/HHack/HackHolyoke/node_modules/serialport
26 info preinstall serialport@1.4.6
27 verbose linkStuff [ false,
27 verbose linkStuff   false,
27 verbose linkStuff   false,
27 verbose linkStuff   '/home/brendan/HHack/HackHolyoke/node_modules' ]
28 info linkStuff serialport@1.4.6
29 verbose linkBins serialport@1.4.6
30 verbose link bins [ { serialportlist: './bin/serialportList.js',
30 verbose link bins     serialportterm: './bin/serialportTerminal.js' },
30 verbose link bins   '/home/brendan/HHack/HackHolyoke/node_modules/.bin',
30 verbose link bins   false ]
31 verbose linkMans serialport@1.4.6
32 verbose rebuildBundles serialport@1.4.6
33 verbose rebuildBundles [ '.bin',
33 verbose rebuildBundles   'async',
33 verbose rebuildBundles   'bindings',
33 verbose rebuildBundles   'nan',
33 verbose rebuildBundles   'node-pre-gyp',
33 verbose rebuildBundles   'optimist',
33 verbose rebuildBundles   'sf' ]
34 verbose rebuild bundle /home/brendan/HHack/HackHolyoke/node_modules/serialport/node_modules/node-pre-gyp
35 info build /home/brendan/HHack/HackHolyoke/node_modules/serialport/node_modules/node-pre-gyp
36 info preinstall node-pre-gyp@0.5.19
37 verbose linkStuff [ false,
37 verbose linkStuff   false,
37 verbose linkStuff   false,
37 verbose linkStuff   '/home/brendan/HHack/HackHolyoke/node_modules/serialport/node_modules' ]
38 info linkStuff node-pre-gyp@0.5.19
39 verbose linkBins node-pre-gyp@0.5.19
40 verbose link bins [ { 'node-pre-gyp': './bin/node-pre-gyp' },
40 verbose link bins   '/home/brendan/HHack/HackHolyoke/node_modules/serialport/node_modules/.bin',
40 verbose link bins   false ]
41 verbose linkMans node-pre-gyp@0.5.19
42 verbose rebuildBundles node-pre-gyp@0.5.19
43 verbose rebuildBundles [ '.bin',
43 verbose rebuildBundles   'mkdirp',
43 verbose rebuildBundles   'nopt',
43 verbose rebuildBundles   'npmlog',
43 verbose rebuildBundles   'rc',
43 verbose rebuildBundles   'request',
43 verbose rebuildBundles   'rimraf',
43 verbose rebuildBundles   'semver',
43 verbose rebuildBundles   'tar',
43 verbose rebuildBundles   'tar-pack' ]
44 verbose rebuild bundle /home/brendan/HHack/HackHolyoke/node_modules/serialport/node_modules/node-pre-gyp/node_modules/mkdirp
45 info build /home/brendan/HHack/HackHolyoke/node_modules/serialport/node_modules/node-pre-gyp/node_modules/mkdirp
46 info preinstall mkdirp@0.5.0
47 verbose linkStuff [ false,
47 verbose linkStuff   false,
47 verbose linkStuff   false,
47 verbose linkStuff   '/home/brendan/HHack/HackHolyoke/node_modules/serialport/node_modules/node-pre-gyp/node_modules' ]
48 info linkStuff mkdirp@0.5.0
49 verbose linkBins mkdirp@0.5.0
50 verbose link bins [ { mkdirp: 'bin/cmd.js' },
50 verbose link bins   '/home/brendan/HHack/HackHolyoke/node_modules/serialport/node_modules/node-pre-gyp/node_modules/.bin',
50 verbose link bins   false ]
51 verbose linkMans mkdirp@0.5.0
52 verbose rebuildBundles mkdirp@0.5.0
53 verbose rebuildBundles [ 'minimist' ]
54 error Error: EACCES, unlink '/home/brendan/HHack/HackHolyoke/node_modules/serialport/node_modules/.bin/node-pre-gyp'
54 error  { [Error: EACCES, unlink '/home/brendan/HHack/HackHolyoke/node_modules/serialport/node_modules/.bin/node-pre-gyp']
54 error   errno: 3,
54 error   code: 'EACCES',
54 error   path: '/home/brendan/HHack/HackHolyoke/node_modules/serialport/node_modules/.bin/node-pre-gyp' }
55 error Please try running this command again as root/Administrator.
56 error System Linux 3.11.0-26-generic
57 error command "/usr/bin/node" "/usr/bin/npm" "install"
58 error cwd /home/brendan/HHack/HackHolyoke
59 error node -v v0.10.33
60 error npm -v 1.4.28
61 error path /home/brendan/HHack/HackHolyoke/node_modules/serialport/node_modules/.bin/node-pre-gyp
62 error code EACCES
63 error errno 3
64 error stack Error: EACCES, unlink '/home/brendan/HHack/HackHolyoke/node_modules/serialport/node_modules/.bin/node-pre-gyp'
65 verbose exit [ 3, true ]
